[0.020s] Invoking command in '/home/yony/Dev/ros2_ws/build/april_ros2': /usr/bin/cmake /home/yony/Dev/ros2_ws/src/april_ros2 -DCMAKE_INSTALL_PREFIX=/home/yony/Dev/ros2_ws/install/april_ros2
[0.039s] -- Found ament_cmake: 0.9.9 (/home/yony/ros2_galactic/ros2-linux/share/ament_cmake/cmake)
[0.066s] -- Using PYTHON_EXECUTABLE: /usr/bin/python3
[0.253s] -- Found rclcpp: 2.4.1 (/home/yony/ros2_galactic/ros2-linux/share/rclcpp/cmake)
[0.284s] -- Using all available rosidl_typesupport_c: rosidl_typesupport_connext_c;rosidl_typesupport_fastrtps_c;rosidl_typesupport_introspection_c
[0.288s] -- Found rosidl_adapter: 1.2.1 (/home/yony/ros2_galactic/ros2-linux/share/rosidl_adapter/cmake)
[0.304s] -- Could not find RTI Connext - skipping rosidl_typesupport_connext_c
[0.315s] -- Could not find RTI Connext - skipping rosidl_typesupport_connext_cpp
[0.404s] -- Found OpenSSL: /usr/lib/x86_64-linux-gnu/libcrypto.so (found version "1.1.1f")  
[0.432s] -- Found FastRTPS: /home/yony/ros2_galactic/ros2-linux/include  
[0.515s] -- Using all available rosidl_typesupport_cpp: rosidl_typesupport_connext_cpp;rosidl_typesupport_fastrtps_cpp;rosidl_typesupport_introspection_cpp
[0.592s] -- Found rmw_implementation_cmake: 1.0.3 (/home/yony/ros2_galactic/ros2-linux/share/rmw_implementation_cmake/cmake)
[0.596s] -- Using RMW implementation 'rmw_fastrtps_cpp' as default
[0.598s] -- Looking for pthread.h
[0.707s] -- Looking for pthread.h - found
[0.708s] -- Performing Test CMAKE_HAVE_LIBC_PTHREAD
[0.836s] -- Performing Test CMAKE_HAVE_LIBC_PTHREAD - Failed
[0.837s] -- Looking for pthread_create in pthreads
[0.924s] -- Looking for pthread_create in pthreads - not found
[0.924s] -- Looking for pthread_create in pthread
[1.033s] -- Looking for pthread_create in pthread - found
[1.034s] -- Found Threads: TRUE  
[1.160s] -- Found rclpy: 1.0.8 (/home/yony/ros2_galactic/ros2-linux/share/rclpy/cmake)
[1.200s] -- Found ament_lint_auto: 0.9.6 (/home/yony/ros2_galactic/ros2-linux/share/ament_lint_auto/cmake)
[1.321s] -- Added test 'copyright' to check source files copyright and LICENSE
[1.330s] -- Added test 'cppcheck' to perform static code analysis on C / C++ code
[1.330s] -- Configured cppcheck include dirs: /home/yony/Dev/ros2_ws/src/april_ros2/include
[1.331s] -- Configured cppcheck exclude dirs and/or files: 
[1.338s] -- Added test 'cpplint' to check C / C++ code against the Google style
[1.339s] -- Configured cpplint exclude dirs and/or files: 
[1.340s] -- Added test 'flake8' to check Python code syntax and style conventions
[1.343s] -- Added test 'lint_cmake' to check CMake code style
[1.344s] -- Added test 'pep257' to check Python code against some of the style conventions in PEP 257
[1.352s] -- Added test 'uncrustify' to check C / C++ code style
[1.353s] -- Configured uncrustify additional arguments: 
[1.354s] -- Added test 'xmllint' to check XML markup files
[1.358s] -- Configuring done
[1.364s] -- Generating done
[1.365s] -- Build files have been written to: /home/yony/Dev/ros2_ws/build/april_ros2
[1.373s] Invoked command in '/home/yony/Dev/ros2_ws/build/april_ros2' returned '0': /usr/bin/cmake /home/yony/Dev/ros2_ws/src/april_ros2 -DCMAKE_INSTALL_PREFIX=/home/yony/Dev/ros2_ws/install/april_ros2
[1.379s] Invoking command in '/home/yony/Dev/ros2_ws/build/april_ros2': /usr/bin/cmake --build /home/yony/Dev/ros2_ws/build/april_ros2 -- -j12 -l12
[1.437s] [35m[1mScanning dependencies of target cpp_executable[0m
[1.454s] [ 50%] [32mBuilding CXX object CMakeFiles/cpp_executable.dir/src/cpp_node.cpp.o[0m
[1.492s] [100%] [32m[1mLinking CXX executable cpp_executable[0m
[1.599s] /usr/bin/ld: /usr/lib/gcc/x86_64-linux-gnu/9/../../../x86_64-linux-gnu/Scrt1.o: in function `_start':
[1.600s] (.text+0x24): undefined reference to `main'
[1.600s] collect2: error: ld returned 1 exit status
[1.602s] make[2]: *** [CMakeFiles/cpp_executable.dir/build.make:121: cpp_executable] Error 1
[1.603s] make[1]: *** [CMakeFiles/Makefile2:78: CMakeFiles/cpp_executable.dir/all] Error 2
[1.603s] make: *** [Makefile:141: all] Error 2
[1.607s] Invoked command in '/home/yony/Dev/ros2_ws/build/april_ros2' returned '2': /usr/bin/cmake --build /home/yony/Dev/ros2_ws/build/april_ros2 -- -j12 -l12
