[35m[1mConsolidate compiler generated dependencies of target sim_sem_interfaces__rosidl_generator_c[0m
[  0%] Built target sim_sem_interfaces__cpp
[  0%] Built target ament_cmake_python_copy_sim_sem_interfaces
[  0%] [32mBuilding C object CMakeFiles/sim_sem_interfaces__rosidl_generator_c.dir/rosidl_generator_c/sim_sem_interfaces/msg/detail/human_behaviour__functions.c.o[0m
[  1%] [32mBuilding C object CMakeFiles/sim_sem_interfaces__rosidl_generator_c.dir/rosidl_generator_c/sim_sem_interfaces/msg/detail/environment__functions.c.o[0m
[  2%] [32mBuilding C object CMakeFiles/sim_sem_interfaces__rosidl_generator_c.dir/rosidl_generator_c/sim_sem_interfaces/msg/detail/robot_hand__functions.c.o[0m
[  2%] [32mBuilding C object CMakeFiles/sim_sem_interfaces__rosidl_generator_c.dir/rosidl_generator_c/sim_sem_interfaces/msg/detail/robot_arm__functions.c.o[0m
[35m[1mConsolidate compiler generated dependencies of target sim_sem_interfaces__rosidl_typesupport_fastrtps_cpp[0m
[35m[1mConsolidate compiler generated dependencies of target sim_sem_interfaces__rosidl_typesupport_introspection_cpp[0m
In file included from [01m[K/home/yony/Dev/ros2_ws/build/sim_sem_interfaces/rosidl_generator_c/sim_sem_interfaces/msg/detail/environment__functions.h:19[m[K,
                 from [01m[K/home/yony/Dev/ros2_ws/build/sim_sem_interfaces/rosidl_generator_c/sim_sem_interfaces/msg/detail/environment__functions.c:4[m[K:
[01m[K/home/yony/Dev/ros2_ws/build/sim_sem_interfaces/rosidl_generator_c/sim_sem_interfaces/msg/detail/environment__struct.h:22:10:[m[K [01;31m[Kfatal error: [m[Kstd_msgs/msg/detail/header__struct.h: No such file or directory
   22 | #include [01;31m[K"std_msgs/msg/detail/header__struct.h"[m[K
      |          [01;31m[K^~~~~~~~~~~~~~~~~~~~~~~~~~~~~~~~~~~~~~[m[K
compilation terminated.
gmake[2]: *** [CMakeFiles/sim_sem_interfaces__rosidl_generator_c.dir/build.make:421: CMakeFiles/sim_sem_interfaces__rosidl_generator_c.dir/rosidl_generator_c/sim_sem_interfaces/msg/detail/environment__functions.c.o] Error 1
gmake[2]: *** Waiting for unfinished jobs....
In file included from [01m[K/home/yony/Dev/ros2_ws/build/sim_sem_interfaces/rosidl_generator_c/sim_sem_interfaces/msg/detail/robot_arm__functions.h:19[m[K,
                 from [01m[K/home/yony/Dev/ros2_ws/build/sim_sem_interfaces/rosidl_generator_c/sim_sem_interfaces/msg/detail/robot_arm__functions.c:4[m[K:
[01m[K/home/yony/Dev/ros2_ws/build/sim_sem_interfaces/rosidl_generator_c/sim_sem_interfaces/msg/detail/robot_arm__struct.h:22:10:[m[K [01;31m[Kfatal error: [m[Kstd_msgs/msg/detail/header__struct.h: No such file or directory
   22 | #include [01;31m[K"std_msgs/msg/detail/header__struct.h"[m[K
      |          [01;31m[K^~~~~~~~~~~~~~~~~~~~~~~~~~~~~~~~~~~~~~[m[K
compilation terminated.
gmake[2]: *** [CMakeFiles/sim_sem_interfaces__rosidl_generator_c.dir/build.make:547: CMakeFiles/sim_sem_interfaces__rosidl_generator_c.dir/rosidl_generator_c/sim_sem_interfaces/msg/detail/robot_arm__functions.c.o] Error 1
In file included from [01m[K/home/yony/Dev/ros2_ws/build/sim_sem_interfaces/rosidl_generator_c/sim_sem_interfaces/msg/detail/human_behaviour__functions.h:19[m[K,
                 from [01m[K/home/yony/Dev/ros2_ws/build/sim_sem_interfaces/rosidl_generator_c/sim_sem_interfaces/msg/detail/human_behaviour__functions.c:4[m[K:
[01m[K/home/yony/Dev/ros2_ws/build/sim_sem_interfaces/rosidl_generator_c/sim_sem_interfaces/msg/detail/human_behaviour__struct.h:22:10:[m[K [01;31m[Kfatal error: [m[Kstd_msgs/msg/detail/header__struct.h: No such file or directory
   22 | #include [01;31m[K"std_msgs/msg/detail/header__struct.h"[m[K
      |          [01;31m[K^~~~~~~~~~~~~~~~~~~~~~~~~~~~~~~~~~~~~~[m[K
compilation terminated.
In file included from [01m[K/home/yony/Dev/ros2_ws/build/sim_sem_interfaces/rosidl_generator_c/sim_sem_interfaces/msg/detail/robot_hand__functions.h:19[m[K,
                 from [01m[K/home/yony/Dev/ros2_ws/build/sim_sem_interfaces/rosidl_generator_c/sim_sem_interfaces/msg/detail/robot_hand__functions.c:4[m[K:
[01m[K/home/yony/Dev/ros2_ws/build/sim_sem_interfaces/rosidl_generator_c/sim_sem_interfaces/msg/detail/robot_hand__struct.h:22:10:[m[K [01;31m[Kfatal error: [m[Kstd_msgs/msg/detail/header__struct.h: No such file or directory
   22 | #include [01;31m[K"std_msgs/msg/detail/header__struct.h"[m[K
      |          [01;31m[K^~~~~~~~~~~~~~~~~~~~~~~~~~~~~~~~~~~~~~[m[K
compilation terminated.
gmake[2]: *** [CMakeFiles/sim_sem_interfaces__rosidl_generator_c.dir/build.make:449: CMakeFiles/sim_sem_interfaces__rosidl_generator_c.dir/rosidl_generator_c/sim_sem_interfaces/msg/detail/human_behaviour__functions.c.o] Error 1
gmake[2]: *** [CMakeFiles/sim_sem_interfaces__rosidl_generator_c.dir/build.make:589: CMakeFiles/sim_sem_interfaces__rosidl_generator_c.dir/rosidl_generator_c/sim_sem_interfaces/msg/detail/robot_hand__functions.c.o] Error 1
gmake[1]: *** [CMakeFiles/Makefile2:213: CMakeFiles/sim_sem_interfaces__rosidl_generator_c.dir/all] Error 2
gmake[1]: *** Waiting for unfinished jobs....
[  3%] [32mBuilding CXX object CMakeFiles/sim_sem_interfaces__rosidl_typesupport_cpp.dir/rosidl_typesupport_cpp/sim_sem_interfaces/msg/robot_arm__type_support.cpp.o[0m
[  4%] [32mBuilding CXX object CMakeFiles/sim_sem_interfaces__rosidl_typesupport_cpp.dir/rosidl_typesupport_cpp/sim_sem_interfaces/msg/environment__type_support.cpp.o[0m
[  5%] [32mBuilding CXX object CMakeFiles/sim_sem_interfaces__rosidl_typesupport_cpp.dir/rosidl_typesupport_cpp/sim_sem_interfaces/msg/robot_hand__type_support.cpp.o[0m
[  5%] [32mBuilding CXX object CMakeFiles/sim_sem_interfaces__rosidl_typesupport_cpp.dir/rosidl_typesupport_cpp/sim_sem_interfaces/msg/human_behaviour__type_support.cpp.o[0m
[  7%] [32mBuilding CXX object CMakeFiles/sim_sem_interfaces__rosidl_typesupport_cpp.dir/rosidl_typesupport_cpp/sim_sem_interfaces/msg/robot_high_latency_corrections__type_support.cpp.o[0m
[  7%] [32mBuilding CXX object CMakeFiles/sim_sem_interfaces__rosidl_typesupport_cpp.dir/rosidl_typesupport_cpp/sim_sem_interfaces/msg/robot_hand_kinematic__type_support.cpp.o[0m
[  8%] [32mBuilding CXX object CMakeFiles/sim_sem_interfaces__rosidl_typesupport_cpp.dir/rosidl_typesupport_cpp/sim_sem_interfaces/msg/tactile__type_support.cpp.o[0m
[  8%] [32mBuilding CXX object CMakeFiles/sim_sem_interfaces__rosidl_typesupport_cpp.dir/rosidl_typesupport_cpp/sim_sem_interfaces/msg/robot_low_latency_corrections__type_support.cpp.o[0m
[ 10%] [32mBuilding CXX object CMakeFiles/sim_sem_interfaces__rosidl_typesupport_introspection_cpp.dir/rosidl_typesupport_introspection_cpp/sim_sem_interfaces/msg/detail/human_behaviour__type_support.cpp.o[0m
[ 10%] [32mBuilding CXX object CMakeFiles/sim_sem_interfaces__rosidl_typesupport_introspection_cpp.dir/rosidl_typesupport_introspection_cpp/sim_sem_interfaces/msg/detail/environment__type_support.cpp.o[0m
[ 11%] [32mBuilding CXX object CMakeFiles/sim_sem_interfaces__rosidl_typesupport_fastrtps_cpp.dir/rosidl_typesupport_fastrtps_cpp/sim_sem_interfaces/msg/detail/dds_fastrtps/environment__type_support.cpp.o[0m
In file included from [01m[K/home/yony/Dev/ros2_ws/build/sim_sem_interfaces/rosidl_typesupport_cpp/sim_sem_interfaces/msg/human_behaviour__type_support.cpp:7[m[K:
[01m[K/home/yony/Dev/ros2_ws/build/sim_sem_interfaces/rosidl_generator_cpp/sim_sem_interfaces/msg/detail/human_behaviour__struct.hpp:20:10:[m[K [01;31m[Kfatal error: [m[Kstd_msgs/msg/detail/header__struct.hpp: No such file or directory
   20 | #include [01;31m[K"std_msgs/msg/detail/header__struct.hpp"[m[K
      |          [01;31m[K^~~~~~~~~~~~~~~~~~~~~~~~~~~~~~~~~~~~~~~~[m[K
compilation terminated.
In file included from [01m[K/home/yony/Dev/ros2_ws/build/sim_sem_interfaces/rosidl_typesupport_cpp/sim_sem_interfaces/msg/robot_arm__type_support.cpp:7[m[K:
[01m[K/home/yony/Dev/ros2_ws/build/sim_sem_interfaces/rosidl_generator_cpp/sim_sem_interfaces/msg/detail/robot_arm__struct.hpp:20:10:[m[K [01;31m[Kfatal error: [m[Kstd_msgs/msg/detail/header__struct.hpp: No such file or directory
   20 | #include [01;31m[K"std_msgs/msg/detail/header__struct.hpp"[m[K
      |          [01;31m[K^~~~~~~~~~~~~~~~~~~~~~~~~~~~~~~~~~~~~~~~[m[K
compilation terminated.
gmake[2]: *** [CMakeFiles/sim_sem_interfaces__rosidl_typesupport_cpp.dir/build.make:312: CMakeFiles/sim_sem_interfaces__rosidl_typesupport_cpp.dir/rosidl_typesupport_cpp/sim_sem_interfaces/msg/robot_arm__type_support.cpp.o] Error 1
gmake[2]: *** Waiting for unfinished jobs....
gmake[2]: *** [CMakeFiles/sim_sem_interfaces__rosidl_typesupport_cpp.dir/build.make:214: CMakeFiles/sim_sem_interfaces__rosidl_typesupport_cpp.dir/rosidl_typesupport_cpp/sim_sem_interfaces/msg/human_behaviour__type_support.cpp.o] Error 1
In file included from [01m[K/home/yony/Dev/ros2_ws/build/sim_sem_interfaces/rosidl_typesupport_cpp/sim_sem_interfaces/msg/environment__type_support.cpp:7[m[K:
[01m[K/home/yony/Dev/ros2_ws/build/sim_sem_interfaces/rosidl_generator_cpp/sim_sem_interfaces/msg/detail/environment__struct.hpp:20:10:[m[K [01;31m[Kfatal error: [m[Kstd_msgs/msg/detail/header__struct.hpp: No such file or directory
   20 | #include [01;31m[K"std_msgs/msg/detail/header__struct.hpp"[m[K
      |          [01;31m[K^~~~~~~~~~~~~~~~~~~~~~~~~~~~~~~~~~~~~~~~[m[K
compilation terminated.
gmake[2]: *** [CMakeFiles/sim_sem_interfaces__rosidl_typesupport_cpp.dir/build.make:186: CMakeFiles/sim_sem_interfaces__rosidl_typesupport_cpp.dir/rosidl_typesupport_cpp/sim_sem_interfaces/msg/environment__type_support.cpp.o] Error 1
[ 12%] [32mBuilding CXX object CMakeFiles/sim_sem_interfaces__rosidl_typesupport_introspection_cpp.dir/rosidl_typesupport_introspection_cpp/sim_sem_interfaces/msg/detail/robot_arm__type_support.cpp.o[0m
[ 13%] [32mBuilding CXX object CMakeFiles/sim_sem_interfaces__rosidl_typesupport_fastrtps_cpp.dir/rosidl_typesupport_fastrtps_cpp/sim_sem_interfaces/msg/detail/dds_fastrtps/human_behaviour__type_support.cpp.o[0m
In file included from [01m[K/home/yony/Dev/ros2_ws/build/sim_sem_interfaces/rosidl_typesupport_cpp/sim_sem_interfaces/msg/robot_hand__type_support.cpp:7[m[K:
[01m[K/home/yony/Dev/ros2_ws/build/sim_sem_interfaces/rosidl_generator_cpp/sim_sem_interfaces/msg/detail/robot_hand__struct.hpp:20:10:[m[K [01;31m[Kfatal error: [m[Kstd_msgs/msg/detail/header__struct.hpp: No such file or directory
   20 | #include [01;31m[K"std_msgs/msg/detail/header__struct.hpp"[m[K
      |          [01;31m[K^~~~~~~~~~~~~~~~~~~~~~~~~~~~~~~~~~~~~~~~[m[K
compilation terminated.
gmake[2]: *** [CMakeFiles/sim_sem_interfaces__rosidl_typesupport_cpp.dir/build.make:354: CMakeFiles/sim_sem_interfaces__rosidl_typesupport_cpp.dir/rosidl_typesupport_cpp/sim_sem_interfaces/msg/robot_hand__type_support.cpp.o] Error 1
In file included from [01m[K/home/yony/Dev/ros2_ws/build/sim_sem_interfaces/rosidl_typesupport_fastrtps_cpp/sim_sem_interfaces/msg/detail/environment__rosidl_typesupport_fastrtps_cpp.hpp:11[m[K,
                 from [01m[K/home/yony/Dev/ros2_ws/build/sim_sem_interfaces/rosidl_typesupport_fastrtps_cpp/sim_sem_interfaces/msg/detail/dds_fastrtps/environment__type_support.cpp:4[m[K:
[01m[K/home/yony/Dev/ros2_ws/build/sim_sem_interfaces/rosidl_generator_cpp/sim_sem_interfaces/msg/detail/environment__struct.hpp:20:10:[m[K [01;31m[Kfatal error: [m[Kstd_msgs/msg/detail/header__struct.hpp: No such file or directory
   20 | #include [01;31m[K"std_msgs/msg/detail/header__struct.hpp"[m[K
      |          [01;31m[K^~~~~~~~~~~~~~~~~~~~~~~~~~~~~~~~~~~~~~~~[m[K
compilation terminated.
In file included from [01m[K/home/yony/Dev/ros2_ws/build/sim_sem_interfaces/rosidl_typesupport_introspection_cpp/sim_sem_interfaces/msg/detail/human_behaviour__type_support.cpp:12[m[K:
[01m[K/home/yony/Dev/ros2_ws/build/sim_sem_interfaces/rosidl_generator_cpp/sim_sem_interfaces/msg/detail/human_behaviour__struct.hpp:20:10:[m[K [01;31m[Kfatal error: [m[Kstd_msgs/msg/detail/header__struct.hpp: No such file or directory
   20 | #include [01;31m[K"std_msgs/msg/detail/header__struct.hpp"[m[K
      |          [01;31m[K^~~~~~~~~~~~~~~~~~~~~~~~~~~~~~~~~~~~~~~~[m[K
compilation terminated.
[ 14%] [32mBuilding CXX object CMakeFiles/sim_sem_interfaces__rosidl_typesupport_fastrtps_cpp.dir/rosidl_typesupport_fastrtps_cpp/sim_sem_interfaces/msg/detail/dds_fastrtps/robot_arm__type_support.cpp.o[0m
gmake[2]: *** [CMakeFiles/sim_sem_interfaces__rosidl_typesupport_introspection_cpp.dir/build.make:273: CMakeFiles/sim_sem_interfaces__rosidl_typesupport_introspection_cpp.dir/rosidl_typesupport_introspection_cpp/sim_sem_interfaces/msg/detail/human_behaviour__type_support.cpp.o] Error 1
gmake[2]: *** [CMakeFiles/sim_sem_interfaces__rosidl_typesupport_fastrtps_cpp.dir/build.make:245: CMakeFiles/sim_sem_interfaces__rosidl_typesupport_fastrtps_cpp.dir/rosidl_typesupport_fastrtps_cpp/sim_sem_interfaces/msg/detail/dds_fastrtps/environment__type_support.cpp.o] Error 1
gmake[2]: *** Waiting for unfinished jobs....
gmake[2]: *** Waiting for unfinished jobs....
[ 15%] [32mBuilding CXX object CMakeFiles/sim_sem_interfaces__rosidl_typesupport_introspection_cpp.dir/rosidl_typesupport_introspection_cpp/sim_sem_interfaces/msg/detail/robot_hand__type_support.cpp.o[0m
In file included from [01m[K/home/yony/Dev/ros2_ws/build/sim_sem_interfaces/rosidl_typesupport_introspection_cpp/sim_sem_interfaces/msg/detail/environment__type_support.cpp:12[m[K:
[01m[K/home/yony/Dev/ros2_ws/build/sim_sem_interfaces/rosidl_generator_cpp/sim_sem_interfaces/msg/detail/environment__struct.hpp:20:10:[m[K [01;31m[Kfatal error: [m[Kstd_msgs/msg/detail/header__struct.hpp: No such file or directory
   20 | #include [01;31m[K"std_msgs/msg/detail/header__struct.hpp"[m[K
      |          [01;31m[K^~~~~~~~~~~~~~~~~~~~~~~~~~~~~~~~~~~~~~~~[m[K
compilation terminated.
gmake[2]: *** [CMakeFiles/sim_sem_interfaces__rosidl_typesupport_introspection_cpp.dir/build.make:245: CMakeFiles/sim_sem_interfaces__rosidl_typesupport_introspection_cpp.dir/rosidl_typesupport_introspection_cpp/sim_sem_interfaces/msg/detail/environment__type_support.cpp.o] Error 1
In file included from [01m[K/home/yony/Dev/ros2_ws/build/sim_sem_interfaces/rosidl_typesupport_fastrtps_cpp/sim_sem_interfaces/msg/detail/human_behaviour__rosidl_typesupport_fastrtps_cpp.hpp:11[m[K,
                 from [01m[K/home/yony/Dev/ros2_ws/build/sim_sem_interfaces/rosidl_typesupport_fastrtps_cpp/sim_sem_interfaces/msg/detail/dds_fastrtps/human_behaviour__type_support.cpp:4[m[K:
[01m[K/home/yony/Dev/ros2_ws/build/sim_sem_interfaces/rosidl_generator_cpp/sim_sem_interfaces/msg/detail/human_behaviour__struct.hpp:20:10:[m[K [01;31m[Kfatal error: [m[Kstd_msgs/msg/detail/header__struct.hpp: No such file or directory
   20 | #include [01;31m[K"std_msgs/msg/detail/header__struct.hpp"[m[K
      |          [01;31m[K^~~~~~~~~~~~~~~~~~~~~~~~~~~~~~~~~~~~~~~~[m[K
compilation terminated.
gmake[2]: *** [CMakeFiles/sim_sem_interfaces__rosidl_typesupport_fastrtps_cpp.dir/build.make:273: CMakeFiles/sim_sem_interfaces__rosidl_typesupport_fastrtps_cpp.dir/rosidl_typesupport_fastrtps_cpp/sim_sem_interfaces/msg/detail/dds_fastrtps/human_behaviour__type_support.cpp.o] Error 1
In file included from [01m[K/home/yony/Dev/ros2_ws/build/sim_sem_interfaces/rosidl_typesupport_introspection_cpp/sim_sem_interfaces/msg/detail/robot_arm__type_support.cpp:12[m[K:
[01m[K/home/yony/Dev/ros2_ws/build/sim_sem_interfaces/rosidl_generator_cpp/sim_sem_interfaces/msg/detail/robot_arm__struct.hpp:20:10:[m[K [01;31m[Kfatal error: [m[Kstd_msgs/msg/detail/header__struct.hpp: No such file or directory
   20 | #include [01;31m[K"std_msgs/msg/detail/header__struct.hpp"[m[K
      |          [01;31m[K^~~~~~~~~~~~~~~~~~~~~~~~~~~~~~~~~~~~~~~~[m[K
compilation terminated.
gmake[2]: *** [CMakeFiles/sim_sem_interfaces__rosidl_typesupport_introspection_cpp.dir/build.make:371: CMakeFiles/sim_sem_interfaces__rosidl_typesupport_introspection_cpp.dir/rosidl_typesupport_introspection_cpp/sim_sem_interfaces/msg/detail/robot_arm__type_support.cpp.o] Error 1
In file included from [01m[K/home/yony/Dev/ros2_ws/build/sim_sem_interfaces/rosidl_typesupport_fastrtps_cpp/sim_sem_interfaces/msg/detail/robot_arm__rosidl_typesupport_fastrtps_cpp.hpp:11[m[K,
                 from [01m[K/home/yony/Dev/ros2_ws/build/sim_sem_interfaces/rosidl_typesupport_fastrtps_cpp/sim_sem_interfaces/msg/detail/dds_fastrtps/robot_arm__type_support.cpp:4[m[K:
[01m[K/home/yony/Dev/ros2_ws/build/sim_sem_interfaces/rosidl_generator_cpp/sim_sem_interfaces/msg/detail/robot_arm__struct.hpp:20:10:[m[K [01;31m[Kfatal error: [m[Kstd_msgs/msg/detail/header__struct.hpp: No such file or directory
   20 | #include [01;31m[K"std_msgs/msg/detail/header__struct.hpp"[m[K
      |          [01;31m[K^~~~~~~~~~~~~~~~~~~~~~~~~~~~~~~~~~~~~~~~[m[K
compilation terminated.
gmake[2]: *** [CMakeFiles/sim_sem_interfaces__rosidl_typesupport_fastrtps_cpp.dir/build.make:371: CMakeFiles/sim_sem_interfaces__rosidl_typesupport_fastrtps_cpp.dir/rosidl_typesupport_fastrtps_cpp/sim_sem_interfaces/msg/detail/dds_fastrtps/robot_arm__type_support.cpp.o] Error 1
gmake[1]: *** [CMakeFiles/Makefile2:343: CMakeFiles/sim_sem_interfaces__rosidl_typesupport_fastrtps_cpp.dir/all] Error 2
In file included from [01m[K/home/yony/Dev/ros2_ws/build/sim_sem_interfaces/rosidl_typesupport_introspection_cpp/sim_sem_interfaces/msg/detail/robot_hand__type_support.cpp:12[m[K:
[01m[K/home/yony/Dev/ros2_ws/build/sim_sem_interfaces/rosidl_generator_cpp/sim_sem_interfaces/msg/detail/robot_hand__struct.hpp:20:10:[m[K [01;31m[Kfatal error: [m[Kstd_msgs/msg/detail/header__struct.hpp: No such file or directory
   20 | #include [01;31m[K"std_msgs/msg/detail/header__struct.hpp"[m[K
      |          [01;31m[K^~~~~~~~~~~~~~~~~~~~~~~~~~~~~~~~~~~~~~~~[m[K
compilation terminated.
gmake[2]: *** [CMakeFiles/sim_sem_interfaces__rosidl_typesupport_introspection_cpp.dir/build.make:413: CMakeFiles/sim_sem_interfaces__rosidl_typesupport_introspection_cpp.dir/rosidl_typesupport_introspection_cpp/sim_sem_interfaces/msg/detail/robot_hand__type_support.cpp.o] Error 1
gmake[1]: *** [CMakeFiles/Makefile2:369: CMakeFiles/sim_sem_interfaces__rosidl_typesupport_introspection_cpp.dir/all] Error 2
running egg_info
writing sim_sem_interfaces.egg-info/PKG-INFO
writing dependency_links to sim_sem_interfaces.egg-info/dependency_links.txt
writing top-level names to sim_sem_interfaces.egg-info/top_level.txt
reading manifest file 'sim_sem_interfaces.egg-info/SOURCES.txt'
writing manifest file 'sim_sem_interfaces.egg-info/SOURCES.txt'
gmake[1]: *** [CMakeFiles/Makefile2:395: CMakeFiles/sim_sem_interfaces__rosidl_typesupport_cpp.dir/all] Error 2
[ 15%] Built target ament_cmake_python_build_sim_sem_interfaces_egg
gmake: *** [Makefile:146: all] Error 2
