[0.016s] Invoking command in '/home/yony/Dev/ros2_ws/build/sim_sem_interfaces': CMAKE_PREFIX_PATH=/opt/ros/humble /usr/bin/cmake --build /home/yony/Dev/ros2_ws/build/sim_sem_interfaces -- -j12 -l12
[0.047s] -- Found ament_cmake: 1.3.2 (/opt/ros/humble/share/ament_cmake/cmake)
[0.218s] -- Found rosidl_default_generators: 1.2.0 (/opt/ros/humble/share/rosidl_default_generators/cmake)
[0.222s] -- Using all available rosidl_typesupport_c: rosidl_typesupport_fastrtps_c;rosidl_typesupport_introspection_c
[0.230s] -- Found rosidl_adapter: 3.1.3 (/opt/ros/humble/share/rosidl_adapter/cmake)
[0.286s] -- Using all available rosidl_typesupport_cpp: rosidl_typesupport_fastrtps_cpp;rosidl_typesupport_introspection_cpp
[0.319s] -- Found std_msgs: 4.2.2 (/opt/ros/humble/share/std_msgs/cmake)
[0.388s] -- Found ament_lint_auto: 0.12.4 (/opt/ros/humble/share/ament_lint_auto/cmake)
[0.644s] [31mCMake Error at /opt/ros/humble/share/rosidl_adapter/cmake/rosidl_adapt_interfaces.cmake:59 (message):
[0.644s]   execute_process(/usr/bin/python3.10 -m rosidl_adapter --package-name
[0.644s]   sim_sem_interfaces --arguments-file
[0.645s]   /home/yony/Dev/ros2_ws/build/sim_sem_interfaces/rosidl_adapter__arguments__sim_sem_interfaces.json
[0.645s]   --output-dir
[0.645s]   /home/yony/Dev/ros2_ws/build/sim_sem_interfaces/rosidl_adapter/sim_sem_interfaces
[0.645s]   --output-file
[0.645s]   /home/yony/Dev/ros2_ws/build/sim_sem_interfaces/rosidl_adapter/sim_sem_interfaces.idls)
[0.645s]   returned error code 1:
[0.645s] 
[0.645s]   Error with: sim_sem_interfaces Emergency std_msgs/Header
[0.646s] 
[0.646s]   Traceback (most recent call last):
[0.646s] 
[0.646s]     File "/usr/lib/python3.10/runpy.py", line 196, in _run_module_as_main
[0.646s]       return _run_code(code, main_globals, None,
[0.646s]     File "/usr/lib/python3.10/runpy.py", line 86, in _run_code
[0.646s]       exec(code, run_globals)
[0.646s]     File "/opt/ros/humble/local/lib/python3.10/dist-packages/rosidl_adapter/__main__.py", line 19, in <module>
[0.646s]       sys.exit(main())
[0.646s]     File "/opt/ros/humble/local/lib/python3.10/dist-packages/rosidl_adapter/main.py", line 53, in main
[0.646s]       abs_idl_file = convert_to_idl(
[0.647s]     File "/opt/ros/humble/local/lib/python3.10/dist-packages/rosidl_adapter/__init__.py", line 19, in convert_to_idl
[0.647s]       return convert_msg_to_idl(
[0.647s]     File "/opt/ros/humble/local/lib/python3.10/dist-packages/rosidl_adapter/msg/__init__.py", line 28, in convert_msg_to_idl
[0.647s]       msg = parse_message_string(package_name, input_file.stem, content)
[0.647s]     File "/opt/ros/humble/local/lib/python3.10/dist-packages/rosidl_adapter/parser.py", line 510, in parse_message_string
[0.647s]       raise InvalidFieldDefinition(line)
[0.647s] 
[0.647s]   rosidl_adapter.parser.InvalidFieldDefinition: std_msgs/Header
[0.647s] 
[0.647s] Call Stack (most recent call first):
[0.647s]   /opt/ros/humble/share/rosidl_cmake/cmake/rosidl_generate_interfaces.cmake:130 (rosidl_adapt_interfaces)
[0.647s]   CMakeLists.txt:29 (rosidl_generate_interfaces)
[0.648s] 
[0.648s] [0m
[0.648s] -- Configuring incomplete, errors occurred!
[0.648s] See also "/home/yony/Dev/ros2_ws/build/sim_sem_interfaces/CMakeFiles/CMakeOutput.log".
[0.655s] gmake: *** [Makefile:4635: cmake_check_build_system] Error 1
[0.658s] Invoked command in '/home/yony/Dev/ros2_ws/build/sim_sem_interfaces' returned '2': CMAKE_PREFIX_PATH=/opt/ros/humble /usr/bin/cmake --build /home/yony/Dev/ros2_ws/build/sim_sem_interfaces -- -j12 -l12
